0 info it worked if it ends with ok
1 verbose cli [ 'node', '/usr/local/bin/npm', 'owner', 'add', 'leestex' ]
2 info using npm@1.2.25
3 info using node@v0.10.10
4 verbose read json /Users/leestex/Projects/cell.js/package.json
5 verbose owner add leestex to Celljs
6 verbose url raw /-/user/org.couchdb.user:leestex
7 verbose url resolving [ 'https://registry.npmjs.org/',
7 verbose url resolving   './-/user/org.couchdb.user:leestex' ]
8 verbose url resolved https://registry.npmjs.org/-/user/org.couchdb.user:leestex
9 info trying registry request attempt 1 at 17:40:32
10 http GET https://registry.npmjs.org/-/user/org.couchdb.user:leestex
11 http 200 https://registry.npmjs.org/-/user/org.couchdb.user:leestex
12 silly registry.get cb [ 200,
12 silly registry.get   { server: 'CouchDB/1.3.1 (Erlang OTP/R15B03)',
12 silly registry.get     etag: '"2-2c07d399081e16b8a8a9c6e67eab7e77"',
12 silly registry.get     date: 'Sat, 28 Sep 2013 14:40:33 GMT',
12 silly registry.get     'content-type': 'application/json',
12 silly registry.get     'content-length': '1099',
12 silly registry.get     'cache-control': 'must-revalidate' } ]
13 verbose url raw Celljs
14 verbose url resolving [ 'https://registry.npmjs.org/', './Celljs' ]
15 verbose url resolved https://registry.npmjs.org/Celljs
16 info trying registry request attempt 1 at 17:40:33
17 http GET https://registry.npmjs.org/Celljs
18 http 404 https://registry.npmjs.org/Celljs
19 silly registry.get cb [ 404,
19 silly registry.get   { server: 'CouchDB/1.3.1 (Erlang OTP/R15B03)',
19 silly registry.get     date: 'Sat, 28 Sep 2013 14:40:34 GMT',
19 silly registry.get     'content-type': 'application/json',
19 silly registry.get     'content-length': '52',
19 silly registry.get     'cache-control': 'must-revalidate' } ]
20 error owner mutate Error getting package data for Celljs
21 error 404 'Celljs' is not in the npm registry.
21 error 404 You should bug the author to publish it
21 error 404
21 error 404 Note that you can also install from a
21 error 404 tarball, folder, or http url, or git url.
22 error System Darwin 12.4.0
23 error command "node" "/usr/local/bin/npm" "owner" "add" "leestex"
24 error cwd /Users/leestex/Projects/cell.js
25 error node -v v0.10.10
26 error npm -v 1.2.25
27 error code E404
28 verbose exit [ 1, true ]
